2023-04-16 14:17:19,512 INFO 开始执行任务
2023-04-16 14:41:22,176 ERROR 用户数据库建立失败
2023-04-16 14:42:11,810 ERROR 用户数据库建立失败: No query Unable to fetch row
2023-04-16 14:42:45,458 ERROR 用户数据库建立失败: No query Unable to fetch row
2023-04-16 14:49:21,977 ERROR 用户数据库建立失败: No query Unable to fetch row
2023-04-16 14:52:11,173 ERROR 用户数据库建立失败: No query Unable to fetch row
2023-04-16 14:52:56,333 ERROR 用户数据库建立失败: No query Unable to fetch row
2023-04-16 14:56:42,436 ERROR 用户数据库建立失败: No query Unable to fetch row
2023-04-16 15:51:17,558 INFO 开始执行任务
2023-04-16 15:51:19,556 ERROR 更新记录失败
2023-04-16 15:53:24,040 INFO 开始执行任务
2023-04-16 15:53:26,032 ERROR 更新记录失败
2023-04-16 15:57:17,794 INFO 开始执行任务
2023-04-16 15:57:19,791 ERROR 更新记录失败
2023-04-16 15:58:49,332 INFO 开始执行任务
2023-04-16 15:58:50,347 ERROR 更新记录失败 Parameter count mismatch
2023-04-16 16:01:48,300 INFO 开始执行任务
2023-04-16 16:01:49,305 ERROR 更新记录失败 Parameter count mismatch
2023-04-16 16:07:53,449 INFO 开始执行任务
2023-04-16 16:07:54,462 ERROR 更新记录失败 Parameter count mismatch
2023-04-16 16:09:18,143 INFO 开始执行任务
2023-04-16 16:09:19,152 ERROR 更新记录失败 Parameter count mismatch
2023-04-16 16:10:13,599 INFO 开始执行任务
2023-04-16 16:11:16,961 INFO 开始执行任务
2023-04-16 16:11:27,008 INFO 在工作时中途放弃,要养成自律的好习惯!!!
2023-04-16 16:11:42,531 INFO 开始执行任务
2023-04-16 16:11:59,812 INFO 开始休息
2023-04-16 16:12:09,856 INFO 休息结束
2023-04-16 16:12:17,194 INFO 开始休息
2023-04-16 16:12:24,172 INFO 开始休息
2023-04-16 16:12:30,068 INFO 工作很重要,但也要注意眼睛和身体!!!
2023-04-16 16:27:14,570 INFO 开始休息
2023-04-16 16:28:24,674 INFO 休息结束
2023-04-16 16:31:28,185 INFO 开始休息
2023-04-16 16:36:04,490 INFO 开始休息
2023-04-16 16:41:13,531 INFO 开始执行任务
2023-04-16 16:41:48,417 INFO 开始执行任务
2023-04-16 16:56:06,300 INFO 开始休息
2023-04-16 16:56:38,736 INFO 开始执行任务
2023-04-16 16:57:11,523 INFO 开始执行任务
2023-04-16 16:59:03,320 INFO 开始执行任务
2023-04-16 16:59:43,151 INFO 开始执行任务
2023-04-16 17:00:34,968 INFO 开始执行任务
2023-04-16 17:01:53,275 INFO 开始执行任务
2023-04-16 17:02:34,860 INFO 开始执行任务
2023-04-16 17:04:17,623 INFO 开始执行任务
2023-04-16 17:05:46,350 INFO 开始执行任务
2023-04-16 17:06:20,228 INFO 开始执行任务
2023-04-16 17:07:02,297 INFO 开始执行任务
2023-04-16 17:07:57,063 INFO TimeArranger正常退出
2023-04-16 19:07:44,534 INFO 开始执行任务
2023-04-16 19:08:15,117 INFO TimeArranger正常退出
2023-04-16 19:40:12,564 INFO TimeArranger正常退出
2023-04-16 23:18:28,338 INFO TimeArranger正常退出
2023-04-16 23:18:50,789 INFO TimeArranger正常退出
