2023-04-15 00:12:03,178 INFO 开始执行任务
2023-04-15 00:12:17,689 INFO 在工作时中途放弃,要养成自律的好习惯!!!
2023-04-15 00:49:22,904 INFO 开始执行任务
2023-04-15 00:49:34,387 INFO TimeArranger正常退出
2023-04-15 00:49:44,401 INFO 开始执行任务
2023-04-15 00:50:18,224 INFO TimeArranger正常退出
2023-04-15 01:01:30,304 INFO TimeArranger正常退出
2023-04-15 20:38:22,964 INFO 开始执行任务
2023-04-15 20:39:12,779 INFO 开始执行任务
2023-04-15 20:42:14,620 INFO 开始执行任务
2023-04-15 20:42:42,191 INFO 开始执行任务
2023-04-15 20:43:18,555 INFO 开始执行任务
2023-04-15 20:44:35,221 INFO 开始执行任务
2023-04-15 20:47:30,787 INFO 开始执行任务
2023-04-15 20:47:48,528 INFO 开始休息
2023-04-15 20:47:50,515 INFO 休息结束
2023-04-15 20:48:01,587 INFO 开始休息
2023-04-15 20:48:03,584 INFO 休息结束
2023-04-15 20:48:45,833 INFO 开始休息
2023-04-15 20:48:47,833 INFO 休息结束
2023-04-15 20:49:17,050 INFO 开始休息
2023-04-15 20:49:19,051 INFO 休息结束
